0 info it worked if it ends with ok
1 verbose cli [ '/Users/apprentice/.nvm/versions/node/v6.3.1/bin/node',
1 verbose cli   '/Users/apprentice/.nvm/versions/node/v6.3.1/bin/npm',
1 verbose cli   'run',
1 verbose cli   'ui' ]
2 info using npm@3.10.3
3 info using node@v6.3.1
4 verbose run-script [ 'preui', 'ui', 'postui' ]
5 info lifecycle metamask-crx@0.0.0~preui: metamask-crx@0.0.0
6 silly lifecycle metamask-crx@0.0.0~preui: no script for preui, continuing
7 info lifecycle metamask-crx@0.0.0~ui: metamask-crx@0.0.0
8 verbose lifecycle metamask-crx@0.0.0~ui: unsafe-perm in lifecycle true
9 verbose lifecycle metamask-crx@0.0.0~ui: PATH: /Users/apprentice/.nvm/versions/node/v6.3.1/lib/node_modules/npm/bin/node-gyp-bin:/Users/apprentice/Desktop/MetaMask/metamask-plugin/node_modules/.bin:/Users/apprentice/.nvm/versions/node/v6.3.1/bin:/Users/apprentice/.nvm/versions/node/v6.3.1/bin:/usr/local/heroku/bin:/usr/local/bin:/usr/local/sbin:~/bin:/Users/apprentice/.rbenv/bin:/Users/apprentice/.rbenv/shims:/usr/local/bin:/usr/bin:/bin:/usr/sbin:/sbin
10 verbose lifecycle metamask-crx@0.0.0~ui: CWD: /Users/apprentice/Desktop/MetaMask/metamask-plugin
11 silly lifecycle metamask-crx@0.0.0~ui: Args: [ '-c',
11 silly lifecycle   'node development/genStates.js && beefy ui-dev.js:bundle.js --live --open --index=./development/index.html --cwd ./' ]
12 silly lifecycle metamask-crx@0.0.0~ui: Returned: code: 1  signal: null
13 info lifecycle metamask-crx@0.0.0~ui: Failed to exec ui script
14 verbose stack Error: metamask-crx@0.0.0 ui: `node development/genStates.js && beefy ui-dev.js:bundle.js --live --open --index=./development/index.html --cwd ./`
14 verbose stack Exit status 1
14 verbose stack     at EventEmitter.<anonymous> (/Users/apprentice/.nvm/versions/node/v6.3.1/lib/node_modules/npm/lib/utils/lifecycle.js:242:16)
14 verbose stack     at emitTwo (events.js:106:13)
14 verbose stack     at EventEmitter.emit (events.js:191:7)
14 verbose stack     at ChildProcess.<anonymous> (/Users/apprentice/.nvm/versions/node/v6.3.1/lib/node_modules/npm/lib/utils/spawn.js:40:14)
14 verbose stack     at emitTwo (events.js:106:13)
14 verbose stack     at ChildProcess.emit (events.js:191:7)
14 verbose stack     at maybeClose (internal/child_process.js:852:16)
14 verbose stack     at Process.ChildProcess._handle.onexit (internal/child_process.js:215:5)
15 verbose pkgid metamask-crx@0.0.0
16 verbose cwd /Users/apprentice/Desktop/MetaMask/metamask-plugin
17 error Darwin 15.6.0
18 error argv "/Users/apprentice/.nvm/versions/node/v6.3.1/bin/node" "/Users/apprentice/.nvm/versions/node/v6.3.1/bin/npm" "run" "ui"
19 error node v6.3.1
20 error npm  v3.10.3
21 error code ELIFECYCLE
22 error metamask-crx@0.0.0 ui: `node development/genStates.js && beefy ui-dev.js:bundle.js --live --open --index=./development/index.html --cwd ./`
22 error Exit status 1
23 error Failed at the metamask-crx@0.0.0 ui script 'node development/genStates.js && beefy ui-dev.js:bundle.js --live --open --index=./development/index.html --cwd ./'.
23 error Make sure you have the latest version of node.js and npm installed.
23 error If you do, this is most likely a problem with the metamask-crx package,
23 error not with npm itself.
23 error Tell the author that this fails on your system:
23 error     node development/genStates.js && beefy ui-dev.js:bundle.js --live --open --index=./development/index.html --cwd ./
23 error You can get information on how to open an issue for this project with:
23 error     npm bugs metamask-crx
23 error Or if that isn't available, you can get their info via:
23 error     npm owner ls metamask-crx
23 error There is likely additional logging output above.
24 verbose exit [ 1, true ]
